<?xml version="1.0" encoding="UTF-8"?>
<!-- Generated by org.testng.reporters.JUnitReportReporter -->
<testsuite hostname="DESKTOP-Q7S0LT0" failures="0" tests="10" name="CreatingProjectTest" time="153.286" errors="0" timestamp="2024-07-16T18:37:04 IST" skipped="0">
  <testcase classname="CreatingProjectTest" name="creatingProjectTest" time="17.759"/>
  <testcase classname="CreatingProjectTest" name="creatingProjectTest" time="2.951"/>
  <testcase classname="CreatingProjectTest" name="creatingProjectTest" time="3.124"/>
  <testcase classname="CreatingProjectTest" name="creatingProjectTest" time="108.262"/>
  <testcase classname="CreatingProjectTest" name="creatingProjectTest" time="3.382"/>
  <testcase classname="CreatingProjectTest" name="creatingProjectTest" time="4.122"/>
  <testcase classname="CreatingProjectTest" name="creatingProjectTest" time="3.355"/>
  <testcase classname="CreatingProjectTest" name="creatingProjectTest" time="3.244"/>
  <testcase classname="CreatingProjectTest" name="creatingProjectTest" time="3.877"/>
  <testcase classname="CreatingProjectTest" name="creatingProjectTest" time="3.210"/>
</testsuite> <!-- CreatingProjectTest -->
